TN:
SF:/Users/jeraldrivera/Projects/outsourcedFE/assetsTransformer.js
FN:4,(anonymous_0)
FNF:1
FNH:0
FNDA:0,(anonymous_0)
DA:1,1
DA:3,1
DA:5,0
LF:3
LH:2
BRF:0
BRH:0
end_of_record
TN:
SF:/Users/jeraldrivera/Projects/outsourcedFE/src/App.js
FN:10,(anonymous_0)
FN:18,(anonymous_1)
FN:22,(anonymous_2)
FN:24,(anonymous_3)
FN:46,(anonymous_4)
FN:50,(anonymous_5)
FN:51,(anonymous_6)
FN:52,(anonymous_7)
FN:53,(anonymous_8)
FN:54,(anonymous_9)
FN:55,(anonymous_10)
FNF:11
FNH:2
FNDA:0,(anonymous_0)
FNDA:0,(anonymous_1)
FNDA:0,(anonymous_2)
FNDA:0,(anonymous_3)
FNDA:1,(anonymous_4)
FNDA:1,(anonymous_5)
FNDA:0,(anonymous_6)
FNDA:0,(anonymous_7)
FNDA:0,(anonymous_8)
FNDA:0,(anonymous_9)
FNDA:0,(anonymous_10)
DA:10,1
DA:18,0
DA:19,0
DA:22,0
DA:23,0
DA:24,0
DA:25,0
DA:27,0
DA:30,0
DA:32,0
DA:46,1
DA:50,1
DA:51,0
DA:52,0
DA:53,0
DA:54,0
DA:55,0
LF:17
LH:3
BRF:0
BRH:0
end_of_record
TN:
SF:/Users/jeraldrivera/Projects/outsourcedFE/src/actions.js
FN:3,(anonymous_0)
FN:9,(anonymous_1)
FN:16,(anonymous_2)
FN:23,(anonymous_3)
FN:30,(anonymous_4)
FN:37,(anonymous_5)
FNF:6
FNH:6
FNDA:1,(anonymous_0)
FNDA:6,(anonymous_1)
FNDA:1,(anonymous_2)
FNDA:1,(anonymous_3)
FNDA:1,(anonymous_4)
FNDA:1,(anonymous_5)
DA:3,3
DA:4,1
DA:9,3
DA:10,6
DA:16,3
DA:17,1
DA:23,3
DA:24,1
DA:30,3
DA:31,1
DA:37,3
DA:38,1
LF:12
LH:12
BRF:0
BRH:0
end_of_record
TN:
SF:/Users/jeraldrivera/Projects/outsourcedFE/src/constants.js
FNF:0
FNH:0
DA:1,4
DA:2,4
DA:3,4
DA:4,4
DA:5,4
DA:6,4
DA:8,4
LF:7
LH:7
BRF:0
BRH:0
end_of_record
TN:
SF:/Users/jeraldrivera/Projects/outsourcedFE/src/Components/CounterInput/CounterInput.js
FN:5,(anonymous_0)
FN:8,(anonymous_1)
FN:12,(anonymous_2)
FN:17,(anonymous_3)
FN:36,(anonymous_4)
FNF:5
FNH:0
FNDA:0,(anonymous_0)
FNDA:0,(anonymous_1)
FNDA:0,(anonymous_2)
FNDA:0,(anonymous_3)
FNDA:0,(anonymous_4)
DA:5,1
DA:6,0
DA:8,0
DA:9,0
DA:12,0
DA:13,0
DA:14,0
DA:17,0
DA:18,0
DA:19,0
DA:23,0
DA:36,0
LF:12
LH:1
BRDA:18,0,0,0
BRDA:18,0,1,0
BRF:2
BRH:0
end_of_record
TN:
SF:/Users/jeraldrivera/Projects/outsourcedFE/src/Components/CounterList/CounterList.js
FN:7,(anonymous_0)
FN:19,(anonymous_1)
FN:25,(anonymous_2)
FN:33,(anonymous_3)
FN:40,(anonymous_4)
FNF:5
FNH:0
FNDA:0,(anonymous_0)
FNDA:0,(anonymous_1)
FNDA:0,(anonymous_2)
FNDA:0,(anonymous_3)
FNDA:0,(anonymous_4)
DA:7,1
DA:13,0
DA:14,0
DA:17,0
DA:20,0
DA:25,0
DA:33,0
DA:40,0
LF:8
LH:1
BRDA:13,0,0,0
BRDA:13,0,1,0
BRF:2
BRH:0
end_of_record
TN:
SF:/Users/jeraldrivera/Projects/outsourcedFE/src/Components/CounterTotal/CounterTotal.js
FN:4,(anonymous_0)
FNF:1
FNH:0
FNDA:0,(anonymous_0)
DA:4,1
DA:5,0
LF:2
LH:1
BRF:0
BRH:0
end_of_record
TN:
SF:/Users/jeraldrivera/Projects/outsourcedFE/src/api/api.js
FN:4,(anonymous_0)
FN:9,(anonymous_1)
FN:13,(anonymous_2)
FN:16,(anonymous_3)
FN:17,(anonymous_4)
FN:29,(anonymous_5)
FN:41,(anonymous_6)
FN:53,(anonymous_7)
FNF:8
FNH:8
FNDA:2,(anonymous_0)
FNDA:2,(anonymous_1)
FNDA:2,(anonymous_2)
FNDA:1,(anonymous_3)
FNDA:1,(anonymous_4)
FNDA:1,(anonymous_5)
FNDA:1,(anonymous_6)
FNDA:1,(anonymous_7)
DA:5,2
DA:6,2
DA:10,2
DA:14,2
DA:15,2
DA:16,1
DA:18,1
DA:30,1
DA:42,1
DA:53,1
DA:56,2
LF:11
LH:11
BRF:0
BRH:0
end_of_record
TN:
SF:/Users/jeraldrivera/Projects/outsourcedFE/src/api/counterApi.js
FN:4,(anonymous_0)
FNF:1
FNH:1
FNDA:2,(anonymous_0)
DA:4,2
DA:5,2
DA:6,2
DA:8,2
LF:4
LH:4
BRF:0
BRH:0
end_of_record
TN:
SF:/Users/jeraldrivera/Projects/outsourcedFE/src/redux/reducer.js
FN:3,(anonymous_0)
FNF:1
FNH:1
FNDA:3,(anonymous_0)
DA:3,2
DA:4,3
DA:6,1
DA:8,2
LF:4
LH:4
BRDA:3,0,0,1
BRDA:4,1,0,1
BRDA:4,1,1,2
BRF:3
BRH:3
end_of_record
TN:
SF:/Users/jeraldrivera/Projects/outsourcedFE/src/redux/store.js
FNF:0
FNH:0
DA:6,1
DA:8,1
DA:12,1
LF:3
LH:3
BRF:0
BRH:0
end_of_record
TN:
SF:/Users/jeraldrivera/Projects/outsourcedFE/src/saga/rootSaga.js
FN:8,getCounters
FN:18,addACounter
FN:28,increment
FN:38,decrement
FN:48,deleteCounter
FN:58,watchCounterAPIS
FN:66,rootSaga
FNF:7
FNH:7
FNDA:1,getCounters
FNDA:1,addACounter
FNDA:1,increment
FNDA:1,decrement
FNDA:1,deleteCounter
FNDA:1,watchCounterAPIS
FNDA:1,rootSaga
DA:6,2
DA:10,1
DA:11,1
DA:12,1
DA:14,0
DA:20,1
DA:21,1
DA:22,1
DA:24,0
DA:30,1
DA:31,1
DA:32,1
DA:34,0
DA:40,1
DA:41,1
DA:42,1
DA:44,0
DA:50,1
DA:51,1
DA:52,1
DA:54,0
DA:59,1
DA:60,1
DA:61,1
DA:62,1
DA:63,1
DA:67,1
LF:27
LH:22
BRF:0
BRH:0
end_of_record
